Exception in thread "AWT-EventQueue-0" java.lang.IllegalStateException: cannot open system clipboard
	at sun.awt.windows.WClipboard.openClipboard(Native Method)
	at sun.awt.datatransfer.SunClipboard.getClipboardFormatsOpenClose(SunClipboard.java:332)
	at sun.awt.datatransfer.SunClipboard.isDataFlavorAvailable(SunClipboard.java:192)
	at org.jdesktop.application.TextActions.updateTextActions(TextActions.java:132)
	at org.jdesktop.application.TextActions.access$400(TextActions.java:47)
	at org.jdesktop.application.TextActions$ClipboardListener.flavorsChanged(TextActions.java:108)
	at sun.awt.datatransfer.SunClipboard$1SunFlavorChangeNotifier.run(SunClipboard.java:448)
	at java.awt.event.InvocationEvent.dispatch(InvocationEvent.java:251)
	at java.awt.EventQueue.dispatchEventImpl(EventQueue.java:727)
	at java.awt.EventQueue.access$200(EventQueue.java:103)
	at java.awt.EventQueue$3.run(EventQueue.java:688)
	at java.awt.EventQueue$3.run(EventQueue.java:686)
	at java.security.AccessController.doPrivileged(Native Method)
	at java.security.ProtectionDomain$1.doIntersectionPrivilege(ProtectionDomain.java:76)
	at java.awt.EventQueue.dispatchEvent(EventQueue.java:697)
	at java.awt.EventDispatchThread.pumpOneEventForFilters(EventDispatchThread.java:242)
	at java.awt.EventDispatchThread.pumpEventsForFilter(EventDispatchThread.java:161)
	at java.awt.EventDispatchThread.pumpEventsForHierarchy(EventDispatchThread.java:150)
	at java.awt.EventDispatchThread.pumpEvents(EventDispatchThread.java:146)
	at java.awt.EventDispatchThread.pumpEvents(EventDispatchThread.java:138)
	at java.awt.EventDispatchThread.run(EventDispatchThread.java:91)
Exception in thread "AWT-EventQueue-0" java.lang.IllegalStateException: cannot open system clipboard
	at sun.awt.windows.WClipboard.openClipboard(Native Method)
	at sun.awt.datatransfer.SunClipboard.getClipboardFormatsOpenClose(SunClipboard.java:332)
	at sun.awt.datatransfer.SunClipboard.isDataFlavorAvailable(SunClipboard.java:192)
	at org.jdesktop.application.TextActions.updateTextActions(TextActions.java:132)
	at org.jdesktop.application.TextActions.access$400(TextActions.java:47)
	at org.jdesktop.application.TextActions$ClipboardListener.flavorsChanged(TextActions.java:108)
	at sun.awt.datatransfer.SunClipboard$1SunFlavorChangeNotifier.run(SunClipboard.java:448)
	at java.awt.event.InvocationEvent.dispatch(InvocationEvent.java:251)
	at java.awt.EventQueue.dispatchEventImpl(EventQueue.java:727)
	at java.awt.EventQueue.access$200(EventQueue.java:103)
	at java.awt.EventQueue$3.run(EventQueue.java:688)
	at java.awt.EventQueue$3.run(EventQueue.java:686)
	at java.security.AccessController.doPrivileged(Native Method)
	at java.security.ProtectionDomain$1.doIntersectionPrivilege(ProtectionDomain.java:76)
	at java.awt.EventQueue.dispatchEvent(EventQueue.java:697)
	at java.awt.EventDispatchThread.pumpOneEventForFilters(EventDispatchThread.java:242)
	at java.awt.EventDispatchThread.pumpEventsForFilter(EventDispatchThread.java:161)
	at java.awt.EventDispatchThread.pumpEventsForHierarchy(EventDispatchThread.java:150)
	at java.awt.EventDispatchThread.pumpEvents(EventDispatchThread.java:146)
	at java.awt.EventDispatchThread.pumpEvents(EventDispatchThread.java:138)
	at java.awt.EventDispatchThread.run(EventDispatchThread.java:91)
